C:\Program Files\Microsoft Visual Studio\2022\Community\MSBuild\Microsoft\VC\v170\Microsoft.CppBuild.targets(517,5): warning MSB8028: The intermediate directory (Debug\) contains files shared from another project (Win32SimpleSample.vcxproj).  This can lead to incorrect clean and rebuild behavior.
  Game.cpp
C:\Users\Bruno\Documents\ABERTAY\YEAR 4\TOOLS\WFFC-Edit\WFFC-Edit\WOFFCEdit\Game.cpp(28,20): warning C4305: '=': truncation from 'double' to 'float'
C:\Users\Bruno\Documents\ABERTAY\YEAR 4\TOOLS\WFFC-Edit\WFFC-Edit\WOFFCEdit\Game.cpp(129,85): warning C4244: 'argument': conversion from 'int' to 'float', possible loss of data
C:\Users\Bruno\Documents\ABERTAY\YEAR 4\TOOLS\WFFC-Edit\WFFC-Edit\WOFFCEdit\Game.cpp(129,60): warning C4244: 'argument': conversion from 'int' to 'float', possible loss of data
C:\Users\Bruno\Documents\ABERTAY\YEAR 4\TOOLS\WFFC-Edit\WFFC-Edit\WOFFCEdit\Game.cpp(130,84): warning C4244: 'argument': conversion from 'int' to 'float', possible loss of data
C:\Users\Bruno\Documents\ABERTAY\YEAR 4\TOOLS\WFFC-Edit\WFFC-Edit\WOFFCEdit\Game.cpp(130,59): warning C4244: 'argument': conversion from 'int' to 'float', possible loss of data
C:\Users\Bruno\Documents\ABERTAY\YEAR 4\TOOLS\WFFC-Edit\WFFC-Edit\WOFFCEdit\Game.cpp(133,23): warning C4018: '<': signed/unsigned mismatch
C:\Users\Bruno\Documents\ABERTAY\YEAR 4\TOOLS\WFFC-Edit\WFFC-Edit\WOFFCEdit\Game.cpp(141,55): warning C4244: 'argument': conversion from 'double' to 'float', possible loss of data
C:\Users\Bruno\Documents\ABERTAY\YEAR 4\TOOLS\WFFC-Edit\WFFC-Edit\WOFFCEdit\Game.cpp(140,153): warning C4244: 'argument': conversion from 'double' to 'float', possible loss of data
C:\Users\Bruno\Documents\ABERTAY\YEAR 4\TOOLS\WFFC-Edit\WFFC-Edit\WOFFCEdit\Game.cpp(140,104): warning C4244: 'argument': conversion from 'double' to 'float', possible loss of data
C:\Users\Bruno\Documents\ABERTAY\YEAR 4\TOOLS\WFFC-Edit\WFFC-Edit\WOFFCEdit\Game.cpp(147,115): warning C4244: 'argument': conversion from 'LONG' to 'float', possible loss of data
C:\Users\Bruno\Documents\ABERTAY\YEAR 4\TOOLS\WFFC-Edit\WFFC-Edit\WOFFCEdit\Game.cpp(147,90): warning C4244: 'argument': conversion from 'LONG' to 'float', possible loss of data
C:\Users\Bruno\Documents\ABERTAY\YEAR 4\TOOLS\WFFC-Edit\WFFC-Edit\WOFFCEdit\Game.cpp(149,113): warning C4244: 'argument': conversion from 'LONG' to 'float', possible loss of data
C:\Users\Bruno\Documents\ABERTAY\YEAR 4\TOOLS\WFFC-Edit\WFFC-Edit\WOFFCEdit\Game.cpp(149,88): warning C4244: 'argument': conversion from 'LONG' to 'float', possible loss of data
C:\Users\Bruno\Documents\ABERTAY\YEAR 4\TOOLS\WFFC-Edit\WFFC-Edit\WOFFCEdit\Game.cpp(156,27): warning C4018: '<': signed/unsigned mismatch
C:\Users\Bruno\Documents\ABERTAY\YEAR 4\TOOLS\WFFC-Edit\WFFC-Edit\WOFFCEdit\Game.cpp(252,57): warning C4244: 'argument': conversion from 'double' to 'float', possible loss of data
C:\Users\Bruno\Documents\ABERTAY\YEAR 4\TOOLS\WFFC-Edit\WFFC-Edit\WOFFCEdit\Game.cpp(251,57): warning C4244: 'argument': conversion from 'double' to 'float', possible loss of data
C:\Users\Bruno\Documents\ABERTAY\YEAR 4\TOOLS\WFFC-Edit\WFFC-Edit\WOFFCEdit\Game.cpp(250,97): warning C4244: 'argument': conversion from 'double' to 'float', possible loss of data
C:\Users\Bruno\Documents\ABERTAY\YEAR 4\TOOLS\WFFC-Edit\WFFC-Edit\WOFFCEdit\Game.cpp(236,10): warning C4101: 'Buffer': unreferenced local variable
  Win32SimpleSample.vcxproj -> C:\Users\Bruno\Documents\ABERTAY\YEAR 4\TOOLS\WFFC-Edit\WFFC-Edit\WOFFCEdit\Debug\WoFEdit.exe
